2026-06-10 10:02:07.905 [restartedMain] INFO  r.m.ManagementCourseApplication - Starting ManagementCourseApplication using Java 21.0.7 with PID 8508 (C:\Users\DoKhacQuyen\Documents\JavaService\management_course\build\classes\java\main started by DoKhacQuyen in C:\Users\DoKhacQuyen\Documents\JavaService\management_course)
2026-06-10 10:02:07.909 [restartedMain] INFO  r.m.ManagementCourseApplication - No active profile set, falling back to 1 default profile: "default"
2026-06-10 10:02:07.970 [restartedMain] INFO  o.s.b.d.e.DevToolsPropertyDefaultsPostProcessor - Devtools property defaults active! Set 'spring.devtools.add-properties' to 'false' to disable
2026-06-10 10:02:07.975 [restartedMain] INFO  o.s.b.d.e.DevToolsPropertyDefaultsPostProcessor - For additional web related logging consider setting the 'logging.level.web' property to 'DEBUG'
2026-06-10 10:02:09.087 [restartedMain] INFO  o.s.d.r.c.RepositoryConfigurationDelegate - Bootstrapping Spring Data JPA repositories in DEFAULT mode.
2026-06-10 10:02:09.193 [restartedMain] INFO  o.s.d.r.c.RepositoryConfigurationDelegate - Finished Spring Data repository scanning in 92 ms. Found 6 JPA repository interfaces.
2026-06-10 10:02:09.984 [restartedMain] INFO  o.s.boot.tomcat.TomcatWebServer - Tomcat initialized with port 8080 (http)
2026-06-10 10:02:10.001 [restartedMain] INFO  o.a.catalina.core.StandardService - Starting service [Tomcat]
2026-06-10 10:02:10.001 [restartedMain] INFO  o.a.catalina.core.StandardEngine - Starting Servlet engine: [Apache Tomcat/11.0.21]
2026-06-10 10:02:10.050 [restartedMain] INFO  o.s.b.w.c.s.WebApplicationContextInitializer - Root WebApplicationContext: initialization completed in 2074 ms
2026-06-10 10:02:10.247 [restartedMain] INFO  org.hibernate.orm.jpa - HHH008540: Processing PersistenceUnitInfo [name: default]
2026-06-10 10:02:10.320 [restartedMain] INFO  org.hibernate.orm.core - HHH000001: Hibernate ORM core version 7.2.12.Final
2026-06-10 10:02:11.198 [restartedMain] INFO  o.s.o.j.p.SpringPersistenceUnitInfo - No LoadTimeWeaver setup: ignoring JPA class transformer
2026-06-10 10:02:11.245 [restartedMain] INFO  com.zaxxer.hikari.HikariDataSource - HikariPool-1 - Starting...
2026-06-10 10:02:11.665 [restartedMain] INFO  com.zaxxer.hikari.pool.HikariPool - HikariPool-1 - Added connection com.mysql.cj.jdbc.ConnectionImpl@79a0645a
2026-06-10 10:02:11.667 [restartedMain] INFO  com.zaxxer.hikari.HikariDataSource - HikariPool-1 - Start completed.
2026-06-10 10:02:11.737 [restartedMain] WARN  org.hibernate.orm.deprecation - HHH90000025: MySQLDialect does not need to be specified explicitly using 'hibernate.dialect' (remove the property setting and it will be selected by default)
2026-06-10 10:02:11.758 [restartedMain] INFO  o.hibernate.orm.connections.pooling - HHH10001005: Database info:
	Database JDBC URL [jdbc:mysql://localhost:3306/management_course?createDatabaseIfNotExist=true]
	Database driver: MySQL Connector/J
	Database dialect: MySQLDialect
	Database version: 8.0.44
	Default catalog/schema: management_course/undefined
	Autocommit mode: undefined/unknown
	Isolation level: REPEATABLE_READ [default REPEATABLE_READ]
	JDBC fetch size: none
	Pool: DataSourceConnectionProvider
	Minimum pool size: undefined/unknown
	Maximum pool size: undefined/unknown
2026-06-10 10:02:13.256 [restartedMain] INFO  org.hibernate.orm.core - HHH000489: No JTA platform available (set 'hibernate.transaction.jta.platform' to enable JTA platform integration)
2026-06-10 10:02:13.355 [restartedMain] INFO  o.s.o.j.LocalContainerEntityManagerFactoryBean - Initialized JPA EntityManagerFactory for persistence unit 'default'
2026-06-10 10:02:13.436 [restartedMain] INFO  o.s.d.j.r.q.QueryEnhancerFactories - Hibernate is in classpath; If applicable, HQL parser will be used.
2026-06-10 10:02:13.855 [restartedMain] INFO  o.s.s.c.a.a.c.InitializeUserDetailsBeanManagerConfigurer$InitializeUserDetailsManagerConfigurer - Global AuthenticationManager configured with UserDetailsService bean with name userDetailsServiceImpl
2026-06-10 10:02:13.982 [restartedMain] WARN  o.s.b.j.a.JpaBaseConfiguration$JpaWebConfiguration - spring.jpa.open-in-view is enabled by default. Therefore, database queries may be performed during view rendering. Explicitly configure spring.jpa.open-in-view to disable this warning
2026-06-10 10:02:14.655 [restartedMain] INFO  o.s.boot.tomcat.TomcatWebServer - Tomcat started on port 8080 (http) with context path '/'
2026-06-10 10:02:14.661 [restartedMain] INFO  r.m.ManagementCourseApplication - Started ManagementCourseApplication in 7.363 seconds (process running for 8.538)
2026-06-10 10:02:38.668 [http-nio-8080-exec-1] INFO  o.a.c.c.C.[Tomcat].[localhost].[/] - Initializing Spring DispatcherServlet 'dispatcherServlet'
2026-06-10 10:02:38.669 [http-nio-8080-exec-1] INFO  o.s.web.servlet.DispatcherServlet - Initializing Servlet 'dispatcherServlet'
2026-06-10 10:02:38.670 [http-nio-8080-exec-1] INFO  o.s.web.servlet.DispatcherServlet - Completed initialization in 1 ms
2026-06-10 10:04:16.942 [File Watcher] INFO  o.s.b.d.a.LocalDevToolsAutoConfiguration$RestartingClassPathChangeChangedEventListener - Restarting due to 2 class path changes (0 additions, 0 deletions, 2 modifications)
2026-06-10 10:04:16.947 [Thread-1] INFO  o.s.boot.tomcat.GracefulShutdown - Commencing graceful shutdown. Waiting for active requests to complete
2026-06-10 10:04:16.954 [tomcat-shutdown] INFO  o.s.boot.tomcat.GracefulShutdown - Graceful shutdown complete
2026-06-10 10:04:16.959 [Thread-1] INFO  o.s.o.j.LocalContainerEntityManagerFactoryBean - Closing JPA EntityManagerFactory for persistence unit 'default'
2026-06-10 10:04:16.963 [Thread-1] INFO  com.zaxxer.hikari.HikariDataSource - HikariPool-1 - Shutdown initiated...
2026-06-10 10:04:16.970 [Thread-1] INFO  com.zaxxer.hikari.HikariDataSource - HikariPool-1 - Shutdown completed.
2026-06-10 10:04:17.086 [restartedMain] INFO  r.m.ManagementCourseApplication - Starting ManagementCourseApplication using Java 21.0.7 with PID 8508 (C:\Users\DoKhacQuyen\Documents\JavaService\management_course\build\classes\java\main started by DoKhacQuyen in C:\Users\DoKhacQuyen\Documents\JavaService\management_course)
2026-06-10 10:04:17.087 [restartedMain] INFO  r.m.ManagementCourseApplication - No active profile set, falling back to 1 default profile: "default"
2026-06-10 10:04:17.353 [restartedMain] INFO  o.s.d.r.c.RepositoryConfigurationDelegate - Bootstrapping Spring Data JPA repositories in DEFAULT mode.
2026-06-10 10:04:17.375 [restartedMain] INFO  o.s.d.r.c.RepositoryConfigurationDelegate - Finished Spring Data repository scanning in 21 ms. Found 6 JPA repository interfaces.
2026-06-10 10:04:17.491 [restartedMain] INFO  o.s.boot.tomcat.TomcatWebServer - Tomcat initialized with port 8080 (http)
2026-06-10 10:04:17.492 [restartedMain] INFO  o.a.catalina.core.StandardService - Starting service [Tomcat]
2026-06-10 10:04:17.492 [restartedMain] INFO  o.a.catalina.core.StandardEngine - Starting Servlet engine: [Apache Tomcat/11.0.21]
2026-06-10 10:04:17.580 [restartedMain] INFO  o.s.b.w.c.s.WebApplicationContextInitializer - Root WebApplicationContext: initialization completed in 491 ms
2026-06-10 10:04:17.626 [restartedMain] INFO  org.hibernate.orm.jpa - HHH008540: Processing PersistenceUnitInfo [name: default]
2026-06-10 10:04:17.686 [restartedMain] INFO  o.s.o.j.p.SpringPersistenceUnitInfo - No LoadTimeWeaver setup: ignoring JPA class transformer
2026-06-10 10:04:17.687 [restartedMain] INFO  com.zaxxer.hikari.HikariDataSource - HikariPool-2 - Starting...
2026-06-10 10:04:17.704 [restartedMain] INFO  com.zaxxer.hikari.pool.HikariPool - HikariPool-2 - Added connection com.mysql.cj.jdbc.ConnectionImpl@215e4014
2026-06-10 10:04:17.704 [restartedMain] INFO  com.zaxxer.hikari.HikariDataSource - HikariPool-2 - Start completed.
2026-06-10 10:04:17.706 [restartedMain] WARN  org.hibernate.orm.deprecation - HHH90000025: MySQLDialect does not need to be specified explicitly using 'hibernate.dialect' (remove the property setting and it will be selected by default)
2026-06-10 10:04:17.707 [restartedMain] INFO  o.hibernate.orm.connections.pooling - HHH10001005: Database info:
	Database JDBC URL [jdbc:mysql://localhost:3306/management_course?createDatabaseIfNotExist=true]
	Database driver: MySQL Connector/J
	Database dialect: MySQLDialect
	Database version: 8.0.44
	Default catalog/schema: management_course/undefined
	Autocommit mode: undefined/unknown
	Isolation level: REPEATABLE_READ [default REPEATABLE_READ]
	JDBC fetch size: none
	Pool: DataSourceConnectionProvider
	Minimum pool size: undefined/unknown
	Maximum pool size: undefined/unknown
2026-06-10 10:04:17.914 [restartedMain] INFO  org.hibernate.orm.core - HHH000489: No JTA platform available (set 'hibernate.transaction.jta.platform' to enable JTA platform integration)
2026-06-10 10:04:17.941 [restartedMain] INFO  o.s.o.j.LocalContainerEntityManagerFactoryBean - Initialized JPA EntityManagerFactory for persistence unit 'default'
2026-06-10 10:04:18.131 [restartedMain] INFO  o.s.s.c.a.a.c.InitializeUserDetailsBeanManagerConfigurer$InitializeUserDetailsManagerConfigurer - Global AuthenticationManager configured with UserDetailsService bean with name userDetailsServiceImpl
2026-06-10 10:04:18.218 [restartedMain] WARN  o.s.b.j.a.JpaBaseConfiguration$JpaWebConfiguration - spring.jpa.open-in-view is enabled by default. Therefore, database queries may be performed during view rendering. Explicitly configure spring.jpa.open-in-view to disable this warning
2026-06-10 10:04:18.425 [restartedMain] INFO  o.s.boot.tomcat.TomcatWebServer - Tomcat started on port 8080 (http) with context path '/'
2026-06-10 10:04:18.434 [restartedMain] INFO  r.m.ManagementCourseApplication - Started ManagementCourseApplication in 1.383 seconds (process running for 132.311)
2026-06-10 10:04:18.436 [restartedMain] INFO  o.s.b.d.a.ConditionEvaluationDeltaLoggingListener - Condition evaluation unchanged
2026-06-10 10:04:37.541 [http-nio-8080-exec-2] INFO  o.a.c.c.C.[Tomcat].[localhost].[/] - Initializing Spring DispatcherServlet 'dispatcherServlet'
2026-06-10 10:04:37.542 [http-nio-8080-exec-2] INFO  o.s.web.servlet.DispatcherServlet - Initializing Servlet 'dispatcherServlet'
2026-06-10 10:04:37.543 [http-nio-8080-exec-2] INFO  o.s.web.servlet.DispatcherServlet - Completed initialization in 1 ms
2026-06-10 10:04:37.683 [http-nio-8080-exec-2] INFO  r.m.aspect.PerformanceLoggingAspect - >>> BẮT ĐẦU CHẠY: AuthController.authenticateUser()
2026-06-10 10:04:37.692 [http-nio-8080-exec-2] INFO  r.m.aspect.PerformanceLoggingAspect - >>> BẮT ĐẦU CHẠY: UserService.login()
2026-06-10 10:04:38.103 [http-nio-8080-exec-2] INFO  r.m.aspect.PerformanceLoggingAspect - >>> BẮT ĐẦU CHẠY: UserDetailsServiceImpl.loadUserByUsername()
2026-06-10 10:04:38.152 [http-nio-8080-exec-2] INFO  r.m.aspect.PerformanceLoggingAspect - <<< KẾT THÚC: UserDetailsServiceImpl.loadUserByUsername() - Thời gian thực hiện: 48 ms
2026-06-10 10:04:38.575 [http-nio-8080-exec-2] ERROR r.m.aspect.PerformanceLoggingAspect - XẢY RA LỖI TẠI: UserService.login() sau 882 ms. Chi tiết lỗi: User is disabled
2026-06-10 10:04:38.583 [http-nio-8080-exec-2] ERROR r.m.aspect.PerformanceLoggingAspect - XẢY RA LỖI TẠI: AuthController.authenticateUser() sau 899 ms. Chi tiết lỗi: User is disabled
2026-06-10 10:04:38.589 [http-nio-8080-exec-2] WARN  o.s.w.s.m.m.a.ExceptionHandlerExceptionResolver - Resolved [org.springframework.security.authentication.DisabledException: User is disabled]
2026-06-10 10:04:48.055 [http-nio-8080-exec-3] INFO  r.m.aspect.PerformanceLoggingAspect - >>> BẮT ĐẦU CHẠY: AuthController.authenticateUser()
2026-06-10 10:04:48.057 [http-nio-8080-exec-3] INFO  r.m.aspect.PerformanceLoggingAspect - >>> BẮT ĐẦU CHẠY: UserService.login()
2026-06-10 10:04:48.058 [http-nio-8080-exec-3] INFO  r.m.aspect.PerformanceLoggingAspect - >>> BẮT ĐẦU CHẠY: UserDetailsServiceImpl.loadUserByUsername()
2026-06-10 10:04:48.060 [http-nio-8080-exec-3] INFO  r.m.aspect.PerformanceLoggingAspect - <<< KẾT THÚC: UserDetailsServiceImpl.loadUserByUsername() - Thời gian thực hiện: 2 ms
2026-06-10 10:04:48.521 [http-nio-8080-exec-3] INFO  r.m.aspect.PerformanceLoggingAspect - <<< KẾT THÚC: UserService.login() - Thời gian thực hiện: 463 ms
2026-06-10 10:04:48.524 [http-nio-8080-exec-3] INFO  r.m.aspect.PerformanceLoggingAspect - <<< KẾT THÚC: AuthController.authenticateUser() - Thời gian thực hiện: 467 ms
2026-06-10 10:05:12.758 [http-nio-8080-exec-4] INFO  r.m.aspect.PerformanceLoggingAspect - >>> BẮT ĐẦU CHẠY: UserDetailsServiceImpl.loadUserByUsername()
2026-06-10 10:05:12.761 [http-nio-8080-exec-4] INFO  r.m.aspect.PerformanceLoggingAspect - <<< KẾT THÚC: UserDetailsServiceImpl.loadUserByUsername() - Thời gian thực hiện: 2 ms
2026-06-10 10:05:12.769 [http-nio-8080-exec-4] INFO  r.m.aspect.PerformanceLoggingAspect - >>> BẮT ĐẦU CHẠY: AdminCourseController.getCourses()
2026-06-10 10:05:12.770 [http-nio-8080-exec-4] INFO  r.m.aspect.PerformanceLoggingAspect - >>> BẮT ĐẦU CHẠY: AdminCourseService.getAllCourses()
2026-06-10 10:05:12.839 [http-nio-8080-exec-4] INFO  r.m.aspect.PerformanceLoggingAspect - <<< KẾT THÚC: AdminCourseService.getAllCourses() - Thời gian thực hiện: 69 ms
2026-06-10 10:05:12.841 [http-nio-8080-exec-4] INFO  r.m.aspect.PerformanceLoggingAspect - <<< KẾT THÚC: AdminCourseController.getCourses() - Thời gian thực hiện: 72 ms
2026-06-10 10:05:12.847 [http-nio-8080-exec-4] WARN  o.s.d.w.c.SpringDataJackson3Configuration$PageModule$WarningLoggingModifier - Serializing PageImpl instances as-is is not supported, meaning that there is no guarantee about the stability of the resulting JSON structure!
	For a stable JSON structure, please use Spring Data's PagedModel (globally via @EnableSpringDataWebSupport(pageSerializationMode = VIA_DTO))
	or Spring HATEOAS and Spring Data's PagedResourcesAssembler as documented in https://docs.spring.io/spring-data/commons/reference/repositories/core-extensions.html#core.web.pageables.

2026-06-10 10:07:20.690 [http-nio-8080-exec-7] INFO  r.m.aspect.PerformanceLoggingAspect - >>> BẮT ĐẦU CHẠY: UserDetailsServiceImpl.loadUserByUsername()
2026-06-10 10:07:20.694 [http-nio-8080-exec-7] INFO  r.m.aspect.PerformanceLoggingAspect - <<< KẾT THÚC: UserDetailsServiceImpl.loadUserByUsername() - Thời gian thực hiện: 3 ms
2026-06-10 10:07:20.700 [http-nio-8080-exec-7] INFO  r.m.aspect.PerformanceLoggingAspect - >>> BẮT ĐẦU CHẠY: AdminUserController.getUsers()
2026-06-10 10:07:20.702 [http-nio-8080-exec-7] INFO  r.m.aspect.PerformanceLoggingAspect - >>> BẮT ĐẦU CHẠY: AdminUserService.getAllUsers()
2026-06-10 10:07:20.750 [http-nio-8080-exec-7] INFO  r.m.aspect.PerformanceLoggingAspect - <<< KẾT THÚC: AdminUserService.getAllUsers() - Thời gian thực hiện: 47 ms
2026-06-10 10:07:20.751 [http-nio-8080-exec-7] INFO  r.m.aspect.PerformanceLoggingAspect - <<< KẾT THÚC: AdminUserController.getUsers() - Thời gian thực hiện: 50 ms
2026-06-10 10:10:09.388 [SpringApplicationShutdownHook] INFO  o.s.boot.tomcat.GracefulShutdown - Commencing graceful shutdown. Waiting for active requests to complete
2026-06-10 10:10:09.394 [tomcat-shutdown] INFO  o.s.boot.tomcat.GracefulShutdown - Graceful shutdown complete
2026-06-10 10:10:09.398 [SpringApplicationShutdownHook] INFO  o.s.o.j.LocalContainerEntityManagerFactoryBean - Closing JPA EntityManagerFactory for persistence unit 'default'
2026-06-10 10:10:09.399 [SpringApplicationShutdownHook] INFO  com.zaxxer.hikari.HikariDataSource - HikariPool-2 - Shutdown initiated...
2026-06-10 10:10:09.403 [SpringApplicationShutdownHook] INFO  com.zaxxer.hikari.HikariDataSource - HikariPool-2 - Shutdown completed.
